[    1813ms] [ERROR] Failed to load resource: the server responded with a status of 500 (Internal Server Error) @ http://localhost:3000/:0
[    2115ms] Error: ENOENT: no such file or directory, open '/Users/jaxonklein/Projects/audio-anything-3/.next/server/vendor-chunks/next.js'
    at Object.readFileSync (node:fs:441:20)
    at defaultLoadImpl (node:internal/modules/cjs/loader:1105:17)
    at loadSource (node:internal/modules/cjs/loader:1733:20)
    at Object..js (node:internal/modules/cjs/loader:1832:44)
    at Module.load (node:internal/modules/cjs/loader:1441:32)
    at Function._load (node:internal/modules/cjs/loader:1263:12)
    at TracingChannel.traceSync (node:diagnostics_channel:328:14)
    at wrapModuleLoad (node:internal/modules/cjs/loader:237:24)
    at Module.<anonymous> (node:internal/modules/cjs/loader:1463:12)
    at mod.require (file:///Users/jaxonklein/Projects/audio-anything-3/node_modules/next/dist/server/require-hook.js:68:28)
    at require (node:internal/modules/helpers:147:16)
    at __webpack_require__.f.require (file:///Users/jaxonklein/Projects/audio-anything-3/.next/server/webpack-runtime.js:195:28)
    at <unknown> (file:///Users/jaxonklein/Projects/audio-anything-3/.next/server/webpack-runtime.js:108:40)
    at Array.reduce (<anonymous>)
    at __webpack_require__.e (file:///Users/jaxonklein/Projects/audio-anything-3/.next/server/webpack-runtime.js:107:67)
    at Array.map (<anonymous>)
    at __webpack_require__.X (file:///Users/jaxonklein/Projects/audio-anything-3/.next/server/webpack-runtime.js:159:22)
    at <unknown> (file:///Users/jaxonklein/Projects/audio-anything-3/.next/server/app/page.js:476:47)
    at Object.<anonymous> (file:///Users/jaxonklein/Projects/audio-anything-3/.next/server/app/page.js:479:3)
    at Module._compile (node:internal/modules/cjs/loader:1706:14)
    at Object..js (node:internal/modules/cjs/loader:1839:10)
    at Module.load (node:internal/modules/cjs/loader:1441:32)
    at Function._load (node:internal/modules/cjs/loader:1263:12)
    at TracingChannel.traceSync (node:diagnostics_channel:328:14)
    at wrapModuleLoad (node:internal/modules/cjs/loader:237:24)
    at Module.<anonymous> (node:internal/modules/cjs/loader:1463:12)
    at mod.require (file:///Users/jaxonklein/Projects/audio-anything-3/node_modules/next/dist/server/require-hook.js:68:28)
    at require (node:internal/modules/helpers:147:16)
    at requirePage (file:///Users/jaxonklein/Projects/audio-anything-3/node_modules/next/dist/server/require.js:99:80)
    at loadComponentsImpl (file:///Users/jaxonklein/Projects/audio-anything-3/node_modules/next/dist/server/load-components.js:132:57)
    at async DevServer.findPageComponentsImpl (file:///Users/jaxonklein/Projects/audio-anything-3/node_modules/next/dist/server/next-server.js:899:36)
    at async DevServer.findPageComponents (file:///Users/jaxonklein/Projects/audio-anything-3/node_modules/next/dist/server/dev/next-dev-server.js:706:16)
    at async DevServer.renderPageComponent (file:///Users/jaxonklein/Projects/audio-anything-3/node_modules/next/dist/server/base-server.js:1460:24)
    at async DevServer.renderToResponseImpl (file:///Users/jaxonklein/Projects/audio-anything-3/node_modules/next/dist/server/base-server.js:1514:32)
    at async DevServer.pipeImpl (file:///Users/jaxonklein/Projects/audio-anything-3/node_modules/next/dist/server/base-server.js:1025:25)
    at async NextNodeServer.handleCatchallRenderRequest (file:///Users/jaxonklein/Projects/audio-anything-3/node_modules/next/dist/server/next-server.js:393:17)
    at async DevServer.handleRequestImpl (file:///Users/jaxonklein/Projects/audio-anything-3/node_modules/next/dist/server/base-server.js:916:17)
    at async (file:///Users/jaxonklein/Projects/audio-anything-3/node_modules/next/dist/server/dev/next-dev-server.js:400:20)
    at async Span.traceAsyncFn (file:///Users/jaxonklein/Projects/audio-anything-3/node_modules/next/dist/trace/trace.js:157:20)
    at async DevServer.handleRequest (file:///Users/jaxonklein/Projects/audio-anything-3/node_modules/next/dist/server/dev/next-dev-server.js:396:24)
    at async invokeRender (file:///Users/jaxonklein/Projects/audio-anything-3/node_modules/next/dist/server/lib/router-server.js:240:21)
    at async handleRequest (file:///Users/jaxonklein/Projects/audio-anything-3/node_modules/next/dist/server/lib/router-server.js:437:24)
    at async requestHandlerImpl (file:///Users/jaxonklein/Projects/audio-anything-3/node_modules/next/dist/server/lib/router-server.js:485:13)
    at async Server.requestListener (file:///Users/jaxonklein/Projects/audio-anything-3/node_modules/next/dist/server/lib/start-server.js:226:13)
[    2120ms] [ERROR] Failed to load resource: the server responded with a status of 404 (Not Found) @ http://localhost:3000/favicon.ico:0
