[    2173ms] [ERROR] Failed to load resource: the server responded with a status of 500 (Internal Server Error) @ http://localhost:3000/:0
[    2523ms] Error: Cannot find module './611.js'
Require stack:
- /Users/jaxonklein/Projects/audio-anything-3/.next/server/webpack-runtime.js
- /Users/jaxonklein/Projects/audio-anything-3/.next/server/app/api/tts/route.js
- /Users/jaxonklein/Projects/audio-anything-3/node_modules/next/dist/server/require.js
- /Users/jaxonklein/Projects/audio-anything-3/node_modules/next/dist/server/load-components.js
- /Users/jaxonklein/Projects/audio-anything-3/node_modules/next/dist/build/utils.js
- /Users/jaxonklein/Projects/audio-anything-3/node_modules/next/dist/build/swc/options.js
- /Users/jaxonklein/Projects/audio-anything-3/node_modules/next/dist/build/swc/index.js
- /Users/jaxonklein/Projects/audio-anything-3/node_modules/next/dist/build/next-config-ts/transpile-config.js
- /Users/jaxonklein/Projects/audio-anything-3/node_modules/next/dist/server/config.js
- /Users/jaxonklein/Projects/audio-anything-3/node_modules/next/dist/server/next.js
- /Users/jaxonklein/Projects/audio-anything-3/node_modules/next/dist/server/lib/start-server.js
    at Function.<anonymous> (node:internal/modules/cjs/loader:1383:15)
    at <unknown> (file:///Users/jaxonklein/Projects/audio-anything-3/node_modules/next/dist/server/require-hook.js:57:36)
    at defaultResolveImpl (node:internal/modules/cjs/loader:1025:19)
    at resolveForCJSWithHooks (node:internal/modules/cjs/loader:1030:22)
    at Function._load (node:internal/modules/cjs/loader:1192:37)
    at TracingChannel.traceSync (node:diagnostics_channel:328:14)
    at wrapModuleLoad (node:internal/modules/cjs/loader:237:24)
    at Module.<anonymous> (node:internal/modules/cjs/loader:1463:12)
    at mod.require (file:///Users/jaxonklein/Projects/audio-anything-3/node_modules/next/dist/server/require-hook.js:68:28)
    at require (node:internal/modules/helpers:147:16)
    at __webpack_require__.f.require (file:///Users/jaxonklein/Projects/audio-anything-3/.next/server/webpack-runtime.js:195:28)
    at <unknown> (file:///Users/jaxonklein/Projects/audio-anything-3/.next/server/webpack-runtime.js:108:40)
    at Array.reduce (<anonymous>)
    at __webpack_require__.e (file:///Users/jaxonklein/Projects/audio-anything-3/.next/server/webpack-runtime.js:107:67)
    at Array.map (<anonymous>)
    at __webpack_require__.X (file:///Users/jaxonklein/Projects/audio-anything-3/.next/server/webpack-runtime.js:159:22)
    at <unknown> (file:///Users/jaxonklein/Projects/audio-anything-3/.next/server/pages/_document.js:1:325)
    at Object.<anonymous> (file:///Users/jaxonklein/Projects/audio-anything-3/.next/server/pages/_document.js:1:371)
    at Module._compile (node:internal/modules/cjs/loader:1706:14)
    at Object..js (node:internal/modules/cjs/loader:1839:10)
    at Module.load (node:internal/modules/cjs/loader:1441:32)
    at Function._load (node:internal/modules/cjs/loader:1263:12)
    at TracingChannel.traceSync (node:diagnostics_channel:328:14)
    at wrapModuleLoad (node:internal/modules/cjs/loader:237:24)
    at Module.<anonymous> (node:internal/modules/cjs/loader:1463:12)
    at mod.require (file:///Users/jaxonklein/Projects/audio-anything-3/node_modules/next/dist/server/require-hook.js:68:28)
    at require (node:internal/modules/helpers:147:16)
    at requirePage (file:///Users/jaxonklein/Projects/audio-anything-3/node_modules/next/dist/server/require.js:99:80)
    at loadComponentsImpl (file:///Users/jaxonklein/Projects/audio-anything-3/node_modules/next/dist/server/load-components.js:86:38)
    at DevServer.findPageComponentsImpl (file:///Users/jaxonklein/Projects/audio-anything-3/node_modules/next/dist/server/next-server.js:899:77)
    at <unknown> (file:///Users/jaxonklein/Projects/audio-anything-3/node_modules/next/dist/server/next-server.js:877:21)
    at <unknown> (file:///Users/jaxonklein/Projects/audio-anything-3/node_modules/next/dist/server/lib/trace/tracer.js:184:36)
    at NoopContextManager.with (file:///Users/jaxonklein/Projects/audio-anything-3/node_modules/next/dist/compiled/@opentelemetry/api/index.js:1:7062)
    at ContextAPI.with (file:///Users/jaxonklein/Projects/audio-anything-3/node_modules/next/dist/compiled/@opentelemetry/api/index.js:1:518)
    at NoopTracer.startActiveSpan (file:///Users/jaxonklein/Projects/audio-anything-3/node_modules/next/dist/compiled/@opentelemetry/api/index.js:1:18093)
    at ProxyTracer.startActiveSpan (file:///Users/jaxonklein/Projects/audio-anything-3/node_modules/next/dist/compiled/@opentelemetry/api/index.js:1:18854)
    at <unknown> (file:///Users/jaxonklein/Projects/audio-anything-3/node_modules/next/dist/server/lib/trace/tracer.js:153:103)
    at NoopContextManager.with (file:///Users/jaxonklein/Projects/audio-anything-3/node_modules/next/dist/compiled/@opentelemetry/api/index.js:1:7062)
    at ContextAPI.with (file:///Users/jaxonklein/Projects/audio-anything-3/node_modules/next/dist/compiled/@opentelemetry/api/index.js:1:518)
    at NextTracerImpl.trace (file:///Users/jaxonklein/Projects/audio-anything-3/node_modules/next/dist/server/lib/trace/tracer.js:153:28)
    at DevServer.findPageComponents (file:///Users/jaxonklein/Projects/audio-anything-3/node_modules/next/dist/server/next-server.js:872:41)
    at DevServer.findPageComponents (file:///Users/jaxonklein/Projects/audio-anything-3/node_modules/next/dist/server/dev/next-dev-server.js:706:28)
    at async DevServer.renderErrorToResponseImpl (file:///Users/jaxonklein/Projects/audio-anything-3/node_modules/next/dist/server/base-server.js:1687:26)
    at async pipe.req.req (file:///Users/jaxonklein/Projects/audio-anything-3/node_modules/next/dist/server/base-server.js:1610:30)
    at async DevServer.pipeImpl (file:///Users/jaxonklein/Projects/audio-anything-3/node_modules/next/dist/server/base-server.js:1025:25)
    at async NextNodeServer.handleCatchallRenderRequest (file:///Users/jaxonklein/Projects/audio-anything-3/node_modules/next/dist/server/next-server.js:408:21)
    at async DevServer.handleRequestImpl (file:///Users/jaxonklein/Projects/audio-anything-3/node_modules/next/dist/server/base-server.js:916:17)
    at async (file:///Users/jaxonklein/Projects/audio-anything-3/node_modules/next/dist/server/dev/next-dev-server.js:400:20)
    at async Span.traceAsyncFn (file:///Users/jaxonklein/Projects/audio-anything-3/node_modules/next/dist/trace/trace.js:157:20)
    at async DevServer.handleRequest (file:///Users/jaxonklein/Projects/audio-anything-3/node_modules/next/dist/server/dev/next-dev-server.js:396:24)
[    2526ms] [ERROR] Failed to load resource: the server responded with a status of 404 (Not Found) @ http://localhost:3000/favicon.ico:0
